<?xml version="1.0" encoding="UTF-8"?>
<!-- Generated by org.testng.reporters.JUnitReportReporter -->
<testsuite hostname="DESKTOP-OMES9G8" failures="0" tests="2" name="newapplication.login.SampleLoginTest" time="0.949" errors="0" timestamp="2022-12-20T19:51:40 IST" skipped="0">
  <testcase classname="newapplication.login.SampleLoginTest" name="testUsername" time="0.471"/>
  <system-out/>
  <testcase classname="newapplication.login.SampleLoginTest" name="testPassword" time="0.478"/>
  <system-out/>
</testsuite> <!-- newapplication.login.SampleLoginTest -->
